C51 COMPILER V9.60.0.0   POWER                                                             04/17/2023 17:30:37 PAGE 1   


C51 COMPILER V9.60.0.0, COMPILATION OF MODULE POWER
OBJECT MODULE PLACED IN ..\Objects\power.obj
COMPILER INVOKED BY: D:\Keil_v5\C51\BIN\C51.EXE ..\Modules\power.c OPTIMIZE(8,SPEED) BROWSE INCDIR(..\System;..\Modules;
                    -..\User) DEBUG OBJECTEXTEND PRINT(..\Listings\power.lst) OBJECT(..\Objects\power.obj)

line level    source

   1          #include "power.h"
   2          #include "delay.h"
   3          
   4          
   5          void SavePower(void) {
   6   1          PCON |= 0x02; //控制其进入掉电模式
   7   1      }
   8          
   9          void ADC_Init(void)
  10          {
  11   1          P5M0 &= ~(0x01 << 4);
  12   1          P5M1 |= (0x01 << 4);
  13   1          P_SW2 |= (0x01 << 7);
  14   1          ADCTIM = 0x3f;  //设置ADC转换时间
  15   1          P_SW2 &= ~(0x01 << 7);
  16   1          ADCCFG = 0x1f; //设置ADC为系统时钟/2/16
  17   1          ADCCFG |= (0x01 << 5); //设置ADC值为右对齐
  18   1          ADC_CONTR = 0x04; //打开ADC电源，并选择P5.4端口
  19   1      }
  20          
  21          void ADC_ClosePower(void)
  22          {
  23   1          ADC_CONTR &= ~(0x01 << 7);
  24   1      }
  25          
  26          void ADC_OpenPower(void)
  27          {
  28   1          ADC_CONTR |= (0x01 << 7);
  29   1          delay_ms(5);  //打开ADC电源需要等待几个毫秒使其电平稳定
  30   1      }
  31          
  32          u16 ADC_GetValue(void)
  33          {
  34   1          u16 temp = 0;
  35   1          u16 overtime = 0;
  36   1          ADC_OpenPower();
  37   1          ADC_CONTR |= (0x01 << 6);
  38   1          delay_us(3);
  39   1          while(!(ADC_CONTR & 0x20) && ++overtime); //等待ADC转换结束，并加入超时监测
  40   1          ADC_ClosePower();
  41   1          ADC_CONTR &= ~(0x01 << 5); //清除ADC转换结束标志
  42   1          temp = ADC_RES;
  43   1          temp <<= 8;
  44   1          temp |= ADC_RESL;
  45   1          return temp;
  46   1      }
  47              


MODULE INFORMATION:   STATIC OVERLAYABLE
   CODE SIZE        =    115    ----
   CONSTANT SIZE    =   ----    ----
   XDATA SIZE       =   ----    ----
   PDATA SIZE       =   ----    ----
C51 COMPILER V9.60.0.0   POWER                                                             04/17/2023 17:30:37 PAGE 2   

   DATA SIZE        =   ----       4
   IDATA SIZE       =   ----    ----
   BIT SIZE         =   ----    ----
END OF MODULE INFORMATION.


C51 COMPILATION COMPLETE.  0 WARNING(S),  0 ERROR(S)
